\BOOKMARK [0][-]{Doc-Start}{\376\377\000A\000b\000s\000t\000r\000a\000c\000t}{}% 1
\BOOKMARK [0][-]{Doc-Start}{\376\377\000D\000e\000d\000i\000c\000a\000t\000i\000o\000n}{}% 2
\BOOKMARK [0][-]{Doc-Start}{\376\377\000A\000c\000k\000n\000o\000w\000l\000e\000d\000g\000m\000e\000n\000t\000s}{}% 3
\BOOKMARK [0][-]{chapter*.1}{\376\377\000L\000i\000s\000t\000\040\000o\000f\000\040\000T\000a\000b\000l\000e\000s}{}% 4
\BOOKMARK [0][-]{chapter*.2}{\376\377\000L\000i\000s\000t\000\040\000o\000f\000\040\000F\000i\000g\000u\000r\000e\000s}{}% 5
\BOOKMARK [0][-]{chapter.1}{\376\377\000I\000n\000t\000r\000o\000d\000u\000c\000t\000i\000o\000n}{}% 6
\BOOKMARK [0][-]{chapter.2}{\376\377\000M\000e\000t\000h\000o\000d\000\040\000D\000e\000s\000c\000r\000i\000p\000t\000i\000o\000n}{}% 7
\BOOKMARK [1][-]{section.2.1}{\376\377\000T\000h\000e\000\040\000D\000O\000I\000\040\000V\000a\000r\000i\000a\000n\000c\000e\000\040\000R\000e\000d\000u\000c\000t\000i\000o\000n\000\040\000M\000e\000t\000h\000o\000d}{chapter.2}% 8
\BOOKMARK [1][-]{section.2.2}{\376\377\000A\000p\000p\000r\000o\000x\000i\000m\000a\000t\000i\000o\000n\000\040\000M\000e\000t\000h\000o\000d\000\040\000b\000a\000s\000e\000d\000\040\000o\000n\000\040\000t\000h\000e\000\040\000D\000O\000I\000\040\000m\000e\000t\000h\000o\000d}{chapter.2}% 9
\BOOKMARK [1][-]{section.2.3}{\376\377\000N\000u\000i\000s\000a\000n\000c\000e\000\040\000p\000a\000r\000a\000m\000e\000t\000e\000r\000\040\000s\000e\000l\000e\000c\000t\000i\000o\000n}{chapter.2}% 10
\BOOKMARK [0][-]{chapter.3}{\376\377\000A\000p\000p\000r\000o\000x\000i\000m\000a\000t\000i\000o\000n\000s\000\040\000o\000f\000\040\000V\000I\000X\000\040\000o\000p\000t\000i\000o\000n\000s}{}% 11
\BOOKMARK [1][-]{section.3.1}{\376\377\000A\000p\000p\000r\000o\000x\000i\000m\000a\000t\000i\000n\000g\000\040\000o\000p\000t\000i\000o\000n\000s\000\040\000u\000n\000d\000e\000r\000\040\000m\000e\000a\000n\000-\000r\000e\000v\000e\000r\000t\000i\000n\000g\000\040\000C\000E\000V\000\040\000m\000o\000d\000e\000l}{chapter.3}% 12
\BOOKMARK [2][-]{subsection.3.1.1}{\376\377\000D\000r\000a\000w\000b\000a\000c\000k\000s\000\040\000o\000f\000\040\000u\000s\000i\000n\000g\000\040\000B\000l\000a\000c\000k\000-\000S\000c\000h\000o\000l\000e\000s\000\040\000m\000o\000d\000e\000l\000\040\000a\000s\000\040\000a\000n\000\040\000a\000u\000x\000i\000l\000i\000a\000r\000y\000\040\000m\000o\000d\000e\000l}{section.3.1}% 13
\BOOKMARK [2][-]{subsection.3.1.2}{\376\377\000U\000s\000i\000n\000g\000\040\000s\000q\000u\000a\000r\000e\000\040\000r\000o\000o\000t\000\040\000m\000e\000a\000n\000-\000r\000e\000v\000e\000r\000t\000i\000n\000g\000\040\000m\000o\000d\000e\000l\000\040\000a\000s\000\040\000a\000u\000x\000i\000l\000i\000a\000r\000y\000\040\000m\000o\000d\000e\000l}{section.3.1}% 14
\BOOKMARK [2][-]{subsection.3.1.3}{\376\377\000M\000e\000t\000h\000o\000d\000\040\000t\000o\000\040\000C\000a\000l\000c\000u\000l\000a\000t\000e\000\040\000D\000e\000r\000i\000v\000a\000t\000i\000v\000e\000s\000\040\000I\000n\000\040\000E\000x\000p\000a\000n\000s\000i\000o\000n\000s}{section.3.1}% 15
\BOOKMARK [1][-]{section.3.2}{\376\377\000A\000p\000p\000r\000o\000x\000i\000m\000a\000t\000i\000n\000g\000\040\000o\000p\000t\000i\000o\000n\000s\000\040\000u\000n\000d\000e\000r\000\040\000d\000o\000u\000b\000l\000e\000\040\000H\000e\000s\000t\000o\000n\000\040\000m\000o\000d\000e\000l}{chapter.3}% 16
\BOOKMARK [0][-]{chapter.4}{\376\377\000N\000u\000m\000e\000r\000i\000c\000a\000l\000\040\000R\000e\000s\000u\000l\000t\000s}{}% 17
\BOOKMARK [1][-]{section.4.1}{\376\377\000V\000o\000l\000a\000t\000i\000l\000i\000t\000y\000\040\000o\000p\000t\000i\000o\000n\000\040\000p\000r\000i\000c\000e\000s\000\040\000u\000n\000d\000e\000r\000\040\000m\000e\000a\000n\000-\000r\000e\000v\000e\000r\000t\000i\000n\000g\000\040\000C\000E\000V\000\040\000m\000o\000d\000e\000l}{chapter.4}% 18
\BOOKMARK [0][-]{appendix.A}{\376\377\000A\000p\000p\000e\000n\000d\000i\000x\000\040\000A\000\040\000T\000i\000t\000l\000e}{}% 19
\BOOKMARK [0][-]{appendix.A}{\376\377\000B\000i\000b\000l\000i\000o\000g\000r\000a\000p\000h\000y}{}% 20
